<?xml version="1.0" encoding="UTF-8"?>
<!-- Generated by org.testng.reporters.JUnitXMLReporter -->
<testsuite ignored="0" hostname="LAPTOP-3VRRLTE0" failures="0" tests="5" name="Test2" time="61.882" errors="0" timestamp="2024-02-29T17:05:12 IST">
  <testcase classname="OrangeHRM.OHRM.login" name="log" time="8.022"/>
  <testcase classname="OrangeHRM.OHRM.login" name="log" time="7.529"/>
  <testcase classname="OrangeHRM.OHRM.login" name="log" time="6.447"/>
  <testcase classname="OrangeHRM.OHRM.login" name="log" time="10.449"/>
  <testcase classname="OrangeHRM.OHRM.login" name="log" time="6.874"/>
</testsuite> <!-- Test2 -->
