<?xml version="1.0" encoding="UTF-8"?>
<testng-results ignored="0" total="1" passed="1" failed="0" skipped="0">
  <reporter-output>
  </reporter-output>
  <suite started-at="2024-02-29T17:27:57 IST" name="Default suite" finished-at="2024-02-29T17:28:11 IST" duration-ms="13559">
    <groups>
    </groups>
    <test started-at="2024-02-29T17:27:57 IST" name="Default test" finished-at="2024-02-29T17:28:11 IST" duration-ms="13559">
      <class name="OrangeHRM.OHRM.jobview">
        <test-method signature="log()[pri:0, instance:OrangeHRM.OHRM.jobview@2e3967ea]" started-at="2024-02-29T17:27:57 IST" name="log" finished-at="2024-02-29T17:28:05 IST" duration-ms="8184" status="PASS">
          <reporter-output>
          </reporter-output>
        </test-method> <!-- log -->
        <test-method is-config="true" signature="job()[pri:0, instance:OrangeHRM.OHRM.jobview@2e3967ea]" started-at="2024-02-29T17:28:05 IST" name="job" finished-at="2024-02-29T17:28:11 IST" duration-ms="5319" status="PASS">
          <reporter-output>
          </reporter-output>
        </test-method> <!-- job -->
      </class> <!-- OrangeHRM.OHRM.jobview -->
    </test> <!-- Default test -->
  </suite> <!-- Default suite -->
</testng-results>
